CRITICAL - 2023-03-23 00:05:08 --> require(C:\xampp\htdocs\sistemaventas\public\vendor/autoload.php): Failed to open stream: No such file or directory
#0 C:\xampp\htdocs\sistemaventas\app\Controllers\Charge_excel.php(8): CodeIgniter\Debug\Exceptions->errorHandler(2, 'require(C:\\xamp...', 'C:\\xampp\\htdocs...', 8)
#1 C:\xampp\htdocs\sistemaventas\app\Controllers\Charge_excel.php(8): require()
#2 C:\xampp\htdocs\sistemaventas\system\Autoloader\Autoloader.php(264): include_once('C:\\xampp\\htdocs...')
#3 C:\xampp\htdocs\sistemaventas\system\Autoloader\Autoloader.php(241): CodeIgniter\Autoloader\Autoloader->includeFile('C:\\xampp\\htdocs...')
#4 C:\xampp\htdocs\sistemaventas\system\Autoloader\Autoloader.php(219): CodeIgniter\Autoloader\Autoloader->loadInNamespace('App\\Controllers...')
#5 [internal function]: CodeIgniter\Autoloader\Autoloader->loadClass('App\\Controllers...')
#6 C:\xampp\htdocs\sistemaventas\system\CodeIgniter.php(790): class_exists('\\App\\Controller...', true)
#7 C:\xampp\htdocs\sistemaventas\system\CodeIgniter.php(399): CodeIgniter\CodeIgniter->startController()
#8 C:\xampp\htdocs\sistemaventas\system\CodeIgniter.php(320): CodeIgniter\CodeIgniter->handleRequest(NULL, Object(Config\Cache), false)
#9 C:\xampp\htdocs\sistemaventas\public\index.php(37): CodeIgniter\CodeIgniter->run()
#10 C:\xampp\htdocs\sistemaventas\system\Commands\Server\rewrite.php(43): require_once('C:\\xampp\\htdocs...')
#11 {main}
CRITICAL - 2023-03-23 00:14:05 --> require(C:\xampp\htdocs\sistemaventas\public\vendor/autoload.php): Failed to open stream: No such file or directory
#0 C:\xampp\htdocs\sistemaventas\app\Controllers\Charge_excel.php(8): CodeIgniter\Debug\Exceptions->errorHandler(2, 'require(C:\\xamp...', 'C:\\xampp\\htdocs...', 8)
#1 C:\xampp\htdocs\sistemaventas\app\Controllers\Charge_excel.php(8): require()
#2 C:\xampp\htdocs\sistemaventas\system\Autoloader\Autoloader.php(264): include_once('C:\\xampp\\htdocs...')
#3 C:\xampp\htdocs\sistemaventas\system\Autoloader\Autoloader.php(241): CodeIgniter\Autoloader\Autoloader->includeFile('C:\\xampp\\htdocs...')
#4 C:\xampp\htdocs\sistemaventas\system\Autoloader\Autoloader.php(219): CodeIgniter\Autoloader\Autoloader->loadInNamespace('App\\Controllers...')
#5 [internal function]: CodeIgniter\Autoloader\Autoloader->loadClass('App\\Controllers...')
#6 C:\xampp\htdocs\sistemaventas\system\CodeIgniter.php(790): class_exists('\\App\\Controller...', true)
#7 C:\xampp\htdocs\sistemaventas\system\CodeIgniter.php(399): CodeIgniter\CodeIgniter->startController()
#8 C:\xampp\htdocs\sistemaventas\system\CodeIgniter.php(320): CodeIgniter\CodeIgniter->handleRequest(NULL, Object(Config\Cache), false)
#9 C:\xampp\htdocs\sistemaventas\public\index.php(37): CodeIgniter\CodeIgniter->run()
#10 C:\xampp\htdocs\sistemaventas\system\Commands\Server\rewrite.php(43): require_once('C:\\xampp\\htdocs...')
#11 {main}
CRITICAL - 2023-03-23 00:17:50 --> require(C:\xampp\htdocs\sistemaventas\public\vendor/autoload.php): Failed to open stream: No such file or directory
#0 C:\xampp\htdocs\sistemaventas\app\Controllers\Charge_excel.php(8): CodeIgniter\Debug\Exceptions->errorHandler(2, 'require(C:\\xamp...', 'C:\\xampp\\htdocs...', 8)
#1 C:\xampp\htdocs\sistemaventas\app\Controllers\Charge_excel.php(8): require()
#2 C:\xampp\htdocs\sistemaventas\system\Autoloader\Autoloader.php(264): include_once('C:\\xampp\\htdocs...')
#3 C:\xampp\htdocs\sistemaventas\system\Autoloader\Autoloader.php(241): CodeIgniter\Autoloader\Autoloader->includeFile('C:\\xampp\\htdocs...')
#4 C:\xampp\htdocs\sistemaventas\system\Autoloader\Autoloader.php(219): CodeIgniter\Autoloader\Autoloader->loadInNamespace('App\\Controllers...')
#5 [internal function]: CodeIgniter\Autoloader\Autoloader->loadClass('App\\Controllers...')
#6 C:\xampp\htdocs\sistemaventas\system\CodeIgniter.php(790): class_exists('\\App\\Controller...', true)
#7 C:\xampp\htdocs\sistemaventas\system\CodeIgniter.php(399): CodeIgniter\CodeIgniter->startController()
#8 C:\xampp\htdocs\sistemaventas\system\CodeIgniter.php(320): CodeIgniter\CodeIgniter->handleRequest(NULL, Object(Config\Cache), false)
#9 C:\xampp\htdocs\sistemaventas\public\index.php(37): CodeIgniter\CodeIgniter->run()
#10 C:\xampp\htdocs\sistemaventas\system\Commands\Server\rewrite.php(43): require_once('C:\\xampp\\htdocs...')
#11 {main}
CRITICAL - 2023-03-23 00:18:31 --> require(C:\xampp\htdocs\sistemaventas\public\vendor/autoload.php): Failed to open stream: No such file or directory
#0 C:\xampp\htdocs\sistemaventas\app\Controllers\Charge_excel.php(8): CodeIgniter\Debug\Exceptions->errorHandler(2, 'require(C:\\xamp...', 'C:\\xampp\\htdocs...', 8)
#1 C:\xampp\htdocs\sistemaventas\app\Controllers\Charge_excel.php(8): require()
#2 C:\xampp\htdocs\sistemaventas\system\Autoloader\Autoloader.php(264): include_once('C:\\xampp\\htdocs...')
#3 C:\xampp\htdocs\sistemaventas\system\Autoloader\Autoloader.php(241): CodeIgniter\Autoloader\Autoloader->includeFile('C:\\xampp\\htdocs...')
#4 C:\xampp\htdocs\sistemaventas\system\Autoloader\Autoloader.php(219): CodeIgniter\Autoloader\Autoloader->loadInNamespace('App\\Controllers...')
#5 [internal function]: CodeIgniter\Autoloader\Autoloader->loadClass('App\\Controllers...')
#6 C:\xampp\htdocs\sistemaventas\system\CodeIgniter.php(790): class_exists('\\App\\Controller...', true)
#7 C:\xampp\htdocs\sistemaventas\system\CodeIgniter.php(399): CodeIgniter\CodeIgniter->startController()
#8 C:\xampp\htdocs\sistemaventas\system\CodeIgniter.php(320): CodeIgniter\CodeIgniter->handleRequest(NULL, Object(Config\Cache), false)
#9 C:\xampp\htdocs\sistemaventas\public\index.php(37): CodeIgniter\CodeIgniter->run()
#10 C:\xampp\htdocs\sistemaventas\system\Commands\Server\rewrite.php(43): require_once('C:\\xampp\\htdocs...')
#11 {main}
CRITICAL - 2023-03-23 00:18:53 --> require(C:\xampp\htdocs\sistemaventas\public\vendor/autoload.php): Failed to open stream: No such file or directory
#0 C:\xampp\htdocs\sistemaventas\app\Controllers\Charge_excel.php(8): CodeIgniter\Debug\Exceptions->errorHandler(2, 'require(C:\\xamp...', 'C:\\xampp\\htdocs...', 8)
#1 C:\xampp\htdocs\sistemaventas\app\Controllers\Charge_excel.php(8): require()
#2 C:\xampp\htdocs\sistemaventas\system\Autoloader\Autoloader.php(264): include_once('C:\\xampp\\htdocs...')
#3 C:\xampp\htdocs\sistemaventas\system\Autoloader\Autoloader.php(241): CodeIgniter\Autoloader\Autoloader->includeFile('C:\\xampp\\htdocs...')
#4 C:\xampp\htdocs\sistemaventas\system\Autoloader\Autoloader.php(219): CodeIgniter\Autoloader\Autoloader->loadInNamespace('App\\Controllers...')
#5 [internal function]: CodeIgniter\Autoloader\Autoloader->loadClass('App\\Controllers...')
#6 C:\xampp\htdocs\sistemaventas\system\CodeIgniter.php(790): class_exists('\\App\\Controller...', true)
#7 C:\xampp\htdocs\sistemaventas\system\CodeIgniter.php(399): CodeIgniter\CodeIgniter->startController()
#8 C:\xampp\htdocs\sistemaventas\system\CodeIgniter.php(320): CodeIgniter\CodeIgniter->handleRequest(NULL, Object(Config\Cache), false)
#9 C:\xampp\htdocs\sistemaventas\public\index.php(37): CodeIgniter\CodeIgniter->run()
#10 C:\xampp\htdocs\sistemaventas\system\Commands\Server\rewrite.php(43): require_once('C:\\xampp\\htdocs...')
#11 {main}
CRITICAL - 2023-03-23 00:27:20 --> require(C:\xampp\htdocs\sistemaventas\public\vendor/autoload.php): Failed to open stream: No such file or directory
#0 C:\xampp\htdocs\sistemaventas\app\Controllers\Charge_excel.php(8): CodeIgniter\Debug\Exceptions->errorHandler(2, 'require(C:\\xamp...', 'C:\\xampp\\htdocs...', 8)
#1 C:\xampp\htdocs\sistemaventas\app\Controllers\Charge_excel.php(8): require()
#2 C:\xampp\htdocs\sistemaventas\system\Autoloader\Autoloader.php(264): include_once('C:\\xampp\\htdocs...')
#3 C:\xampp\htdocs\sistemaventas\system\Autoloader\Autoloader.php(241): CodeIgniter\Autoloader\Autoloader->includeFile('C:\\xampp\\htdocs...')
#4 C:\xampp\htdocs\sistemaventas\system\Autoloader\Autoloader.php(219): CodeIgniter\Autoloader\Autoloader->loadInNamespace('App\\Controllers...')
#5 [internal function]: CodeIgniter\Autoloader\Autoloader->loadClass('App\\Controllers...')
#6 C:\xampp\htdocs\sistemaventas\system\CodeIgniter.php(790): class_exists('\\App\\Controller...', true)
#7 C:\xampp\htdocs\sistemaventas\system\CodeIgniter.php(399): CodeIgniter\CodeIgniter->startController()
#8 C:\xampp\htdocs\sistemaventas\system\CodeIgniter.php(320): CodeIgniter\CodeIgniter->handleRequest(NULL, Object(Config\Cache), false)
#9 C:\xampp\htdocs\sistemaventas\public\index.php(37): CodeIgniter\CodeIgniter->run()
#10 C:\xampp\htdocs\sistemaventas\system\Commands\Server\rewrite.php(43): require_once('C:\\xampp\\htdocs...')
#11 {main}
CRITICAL - 2023-03-23 01:25:30 --> require(C:\xampp\htdocs\sistemaventas\app\vendor/autoload.php): Failed to open stream: No such file or directory
#0 C:\xampp\htdocs\sistemaventas\app\Controllers\Charge_excel.php(8): CodeIgniter\Debug\Exceptions->errorHandler(2, 'require(C:\\xamp...', 'C:\\xampp\\htdocs...', 8)
#1 C:\xampp\htdocs\sistemaventas\app\Controllers\Charge_excel.php(8): require()
#2 C:\xampp\htdocs\sistemaventas\system\Autoloader\Autoloader.php(264): include_once('C:\\xampp\\htdocs...')
#3 C:\xampp\htdocs\sistemaventas\system\Autoloader\Autoloader.php(241): CodeIgniter\Autoloader\Autoloader->includeFile('C:\\xampp\\htdocs...')
#4 C:\xampp\htdocs\sistemaventas\system\Autoloader\Autoloader.php(219): CodeIgniter\Autoloader\Autoloader->loadInNamespace('App\\Controllers...')
#5 [internal function]: CodeIgniter\Autoloader\Autoloader->loadClass('App\\Controllers...')
#6 C:\xampp\htdocs\sistemaventas\system\CodeIgniter.php(790): class_exists('\\App\\Controller...', true)
#7 C:\xampp\htdocs\sistemaventas\system\CodeIgniter.php(399): CodeIgniter\CodeIgniter->startController()
#8 C:\xampp\htdocs\sistemaventas\system\CodeIgniter.php(320): CodeIgniter\CodeIgniter->handleRequest(NULL, Object(Config\Cache), false)
#9 C:\xampp\htdocs\sistemaventas\public\index.php(37): CodeIgniter\CodeIgniter->run()
#10 C:\xampp\htdocs\sistemaventas\system\Commands\Server\rewrite.php(43): require_once('C:\\xampp\\htdocs...')
#11 {main}
CRITICAL - 2023-03-23 01:25:51 --> require_once(C:\xampp\htdocs\sistemaventas\app\vendor/autoload.php): Failed to open stream: No such file or directory
#0 C:\xampp\htdocs\sistemaventas\app\Controllers\Charge_excel.php(8): CodeIgniter\Debug\Exceptions->errorHandler(2, 'require_once(C:...', 'C:\\xampp\\htdocs...', 8)
#1 C:\xampp\htdocs\sistemaventas\app\Controllers\Charge_excel.php(8): require_once()
#2 C:\xampp\htdocs\sistemaventas\system\Autoloader\Autoloader.php(264): include_once('C:\\xampp\\htdocs...')
#3 C:\xampp\htdocs\sistemaventas\system\Autoloader\Autoloader.php(241): CodeIgniter\Autoloader\Autoloader->includeFile('C:\\xampp\\htdocs...')
#4 C:\xampp\htdocs\sistemaventas\system\Autoloader\Autoloader.php(219): CodeIgniter\Autoloader\Autoloader->loadInNamespace('App\\Controllers...')
#5 [internal function]: CodeIgniter\Autoloader\Autoloader->loadClass('App\\Controllers...')
#6 C:\xampp\htdocs\sistemaventas\system\CodeIgniter.php(790): class_exists('\\App\\Controller...', true)
#7 C:\xampp\htdocs\sistemaventas\system\CodeIgniter.php(399): CodeIgniter\CodeIgniter->startController()
#8 C:\xampp\htdocs\sistemaventas\system\CodeIgniter.php(320): CodeIgniter\CodeIgniter->handleRequest(NULL, Object(Config\Cache), false)
#9 C:\xampp\htdocs\sistemaventas\public\index.php(37): CodeIgniter\CodeIgniter->run()
#10 C:\xampp\htdocs\sistemaventas\system\Commands\Server\rewrite.php(43): require_once('C:\\xampp\\htdocs...')
#11 {main}
CRITICAL - 2023-03-23 18:09:42 --> Column string index can not be longer than 3 characters
#0 C:\xampp\htdocs\sistemaventas\vendor\phpoffice\phpspreadsheet\src\PhpSpreadsheet\Worksheet\Worksheet.php(1491): PhpOffice\PhpSpreadsheet\Cell\Coordinate::columnIndexFromString('A1:B1')
#1 C:\xampp\htdocs\sistemaventas\app\Controllers\Charge_excel.php(43): PhpOffice\PhpSpreadsheet\Worksheet\Worksheet->getColumnDimension('A1:B1')
#2 C:\xampp\htdocs\sistemaventas\system\CodeIgniter.php(825): App\Controllers\Charge_excel->formatoExcel()
#3 C:\xampp\htdocs\sistemaventas\system\CodeIgniter.php(412): CodeIgniter\CodeIgniter->runController(Object(App\Controllers\Charge_excel))
#4 C:\xampp\htdocs\sistemaventas\system\CodeIgniter.php(320): CodeIgniter\CodeIgniter->handleRequest(NULL, Object(Config\Cache), false)
#5 C:\xampp\htdocs\sistemaventas\public\index.php(37): CodeIgniter\CodeIgniter->run()
#6 C:\xampp\htdocs\sistemaventas\system\Commands\Server\rewrite.php(43): require_once('C:\\xampp\\htdocs...')
#7 {main}
CRITICAL - 2023-03-23 18:09:44 --> Column string index can not be longer than 3 characters
#0 C:\xampp\htdocs\sistemaventas\vendor\phpoffice\phpspreadsheet\src\PhpSpreadsheet\Worksheet\Worksheet.php(1491): PhpOffice\PhpSpreadsheet\Cell\Coordinate::columnIndexFromString('A1:B1')
#1 C:\xampp\htdocs\sistemaventas\app\Controllers\Charge_excel.php(43): PhpOffice\PhpSpreadsheet\Worksheet\Worksheet->getColumnDimension('A1:B1')
#2 C:\xampp\htdocs\sistemaventas\system\CodeIgniter.php(825): App\Controllers\Charge_excel->formatoExcel()
#3 C:\xampp\htdocs\sistemaventas\system\CodeIgniter.php(412): CodeIgniter\CodeIgniter->runController(Object(App\Controllers\Charge_excel))
#4 C:\xampp\htdocs\sistemaventas\system\CodeIgniter.php(320): CodeIgniter\CodeIgniter->handleRequest(NULL, Object(Config\Cache), false)
#5 C:\xampp\htdocs\sistemaventas\public\index.php(37): CodeIgniter\CodeIgniter->run()
#6 C:\xampp\htdocs\sistemaventas\system\Commands\Server\rewrite.php(43): require_once('C:\\xampp\\htdocs...')
#7 {main}
CRITICAL - 2023-03-23 18:09:49 --> Column string index can not be longer than 3 characters
#0 C:\xampp\htdocs\sistemaventas\vendor\phpoffice\phpspreadsheet\src\PhpSpreadsheet\Worksheet\Worksheet.php(1491): PhpOffice\PhpSpreadsheet\Cell\Coordinate::columnIndexFromString('A1:B1')
#1 C:\xampp\htdocs\sistemaventas\app\Controllers\Charge_excel.php(43): PhpOffice\PhpSpreadsheet\Worksheet\Worksheet->getColumnDimension('A1:B1')
#2 C:\xampp\htdocs\sistemaventas\system\CodeIgniter.php(825): App\Controllers\Charge_excel->formatoExcel()
#3 C:\xampp\htdocs\sistemaventas\system\CodeIgniter.php(412): CodeIgniter\CodeIgniter->runController(Object(App\Controllers\Charge_excel))
#4 C:\xampp\htdocs\sistemaventas\system\CodeIgniter.php(320): CodeIgniter\CodeIgniter->handleRequest(NULL, Object(Config\Cache), false)
#5 C:\xampp\htdocs\sistemaventas\public\index.php(37): CodeIgniter\CodeIgniter->run()
#6 C:\xampp\htdocs\sistemaventas\system\Commands\Server\rewrite.php(43): require_once('C:\\xampp\\htdocs...')
#7 {main}
CRITICAL - 2023-03-23 18:10:07 --> Column string index can not be longer than 3 characters
#0 C:\xampp\htdocs\sistemaventas\vendor\phpoffice\phpspreadsheet\src\PhpSpreadsheet\Worksheet\Worksheet.php(1491): PhpOffice\PhpSpreadsheet\Cell\Coordinate::columnIndexFromString('A1:B1')
#1 C:\xampp\htdocs\sistemaventas\app\Controllers\Charge_excel.php(43): PhpOffice\PhpSpreadsheet\Worksheet\Worksheet->getColumnDimension('A1:B1')
#2 C:\xampp\htdocs\sistemaventas\system\CodeIgniter.php(825): App\Controllers\Charge_excel->formatoExcel()
#3 C:\xampp\htdocs\sistemaventas\system\CodeIgniter.php(412): CodeIgniter\CodeIgniter->runController(Object(App\Controllers\Charge_excel))
#4 C:\xampp\htdocs\sistemaventas\system\CodeIgniter.php(320): CodeIgniter\CodeIgniter->handleRequest(NULL, Object(Config\Cache), false)
#5 C:\xampp\htdocs\sistemaventas\public\index.php(37): CodeIgniter\CodeIgniter->run()
#6 C:\xampp\htdocs\sistemaventas\system\Commands\Server\rewrite.php(43): require_once('C:\\xampp\\htdocs...')
#7 {main}
CRITICAL - 2023-03-23 18:10:08 --> Column string index can not be longer than 3 characters
#0 C:\xampp\htdocs\sistemaventas\vendor\phpoffice\phpspreadsheet\src\PhpSpreadsheet\Worksheet\Worksheet.php(1491): PhpOffice\PhpSpreadsheet\Cell\Coordinate::columnIndexFromString('A1:B1')
#1 C:\xampp\htdocs\sistemaventas\app\Controllers\Charge_excel.php(43): PhpOffice\PhpSpreadsheet\Worksheet\Worksheet->getColumnDimension('A1:B1')
#2 C:\xampp\htdocs\sistemaventas\system\CodeIgniter.php(825): App\Controllers\Charge_excel->formatoExcel()
#3 C:\xampp\htdocs\sistemaventas\system\CodeIgniter.php(412): CodeIgniter\CodeIgniter->runController(Object(App\Controllers\Charge_excel))
#4 C:\xampp\htdocs\sistemaventas\system\CodeIgniter.php(320): CodeIgniter\CodeIgniter->handleRequest(NULL, Object(Config\Cache), false)
#5 C:\xampp\htdocs\sistemaventas\public\index.php(37): CodeIgniter\CodeIgniter->run()
#6 C:\xampp\htdocs\sistemaventas\system\Commands\Server\rewrite.php(43): require_once('C:\\xampp\\htdocs...')
#7 {main}
CRITICAL - 2023-03-23 18:10:14 --> Column string index can not be longer than 3 characters
#0 C:\xampp\htdocs\sistemaventas\vendor\phpoffice\phpspreadsheet\src\PhpSpreadsheet\Worksheet\Worksheet.php(1491): PhpOffice\PhpSpreadsheet\Cell\Coordinate::columnIndexFromString('A1:B1')
#1 C:\xampp\htdocs\sistemaventas\app\Controllers\Charge_excel.php(43): PhpOffice\PhpSpreadsheet\Worksheet\Worksheet->getColumnDimension('A1:B1')
#2 C:\xampp\htdocs\sistemaventas\system\CodeIgniter.php(825): App\Controllers\Charge_excel->formatoExcel()
#3 C:\xampp\htdocs\sistemaventas\system\CodeIgniter.php(412): CodeIgniter\CodeIgniter->runController(Object(App\Controllers\Charge_excel))
#4 C:\xampp\htdocs\sistemaventas\system\CodeIgniter.php(320): CodeIgniter\CodeIgniter->handleRequest(NULL, Object(Config\Cache), false)
#5 C:\xampp\htdocs\sistemaventas\public\index.php(37): CodeIgniter\CodeIgniter->run()
#6 C:\xampp\htdocs\sistemaventas\system\Commands\Server\rewrite.php(43): require_once('C:\\xampp\\htdocs...')
#7 {main}
CRITICAL - 2023-03-23 23:22:08 --> File "formato-data-cat.xlsx" does not exist.
#0 C:\xampp\htdocs\sistemaventas\vendor\phpoffice\phpspreadsheet\src\PhpSpreadsheet\Reader\Xlsx.php(412): PhpOffice\PhpSpreadsheet\Shared\File::assertFile('formato-data-ca...', '_rels/.rels')
#1 C:\xampp\htdocs\sistemaventas\vendor\phpoffice\phpspreadsheet\src\PhpSpreadsheet\Reader\BaseReader.php(182): PhpOffice\PhpSpreadsheet\Reader\Xlsx->loadSpreadsheetFromFile('formato-data-ca...')
#2 C:\xampp\htdocs\sistemaventas\app\Controllers\Charge_excel.php(83): PhpOffice\PhpSpreadsheet\Reader\BaseReader->load('formato-data-ca...')
#3 C:\xampp\htdocs\sistemaventas\system\CodeIgniter.php(825): App\Controllers\Charge_excel->categoriaImport()
#4 C:\xampp\htdocs\sistemaventas\system\CodeIgniter.php(412): CodeIgniter\CodeIgniter->runController(Object(App\Controllers\Charge_excel))
#5 C:\xampp\htdocs\sistemaventas\system\CodeIgniter.php(320): CodeIgniter\CodeIgniter->handleRequest(NULL, Object(Config\Cache), false)
#6 C:\xampp\htdocs\sistemaventas\public\index.php(37): CodeIgniter\CodeIgniter->run()
#7 C:\xampp\htdocs\sistemaventas\system\Commands\Server\rewrite.php(43): require_once('C:\\xampp\\htdocs...')
#8 {main}
CRITICAL - 2023-03-23 23:24:21 --> File "formato-data-cat.xlsx" does not exist.
#0 C:\xampp\htdocs\sistemaventas\vendor\phpoffice\phpspreadsheet\src\PhpSpreadsheet\Reader\Xlsx.php(412): PhpOffice\PhpSpreadsheet\Shared\File::assertFile('formato-data-ca...', '_rels/.rels')
#1 C:\xampp\htdocs\sistemaventas\vendor\phpoffice\phpspreadsheet\src\PhpSpreadsheet\Reader\BaseReader.php(182): PhpOffice\PhpSpreadsheet\Reader\Xlsx->loadSpreadsheetFromFile('formato-data-ca...')
#2 C:\xampp\htdocs\sistemaventas\app\Controllers\Charge_excel.php(83): PhpOffice\PhpSpreadsheet\Reader\BaseReader->load('formato-data-ca...')
#3 C:\xampp\htdocs\sistemaventas\system\CodeIgniter.php(825): App\Controllers\Charge_excel->categoriaImport()
#4 C:\xampp\htdocs\sistemaventas\system\CodeIgniter.php(412): CodeIgniter\CodeIgniter->runController(Object(App\Controllers\Charge_excel))
#5 C:\xampp\htdocs\sistemaventas\system\CodeIgniter.php(320): CodeIgniter\CodeIgniter->handleRequest(NULL, Object(Config\Cache), false)
#6 C:\xampp\htdocs\sistemaventas\public\index.php(37): CodeIgniter\CodeIgniter->run()
#7 C:\xampp\htdocs\sistemaventas\system\Commands\Server\rewrite.php(43): require_once('C:\\xampp\\htdocs...')
#8 {main}
CRITICAL - 2023-03-23 23:25:05 --> File "formato-data-cat.xlsx" does not exist.
#0 C:\xampp\htdocs\sistemaventas\vendor\phpoffice\phpspreadsheet\src\PhpSpreadsheet\Reader\Xlsx.php(412): PhpOffice\PhpSpreadsheet\Shared\File::assertFile('formato-data-ca...', '_rels/.rels')
#1 C:\xampp\htdocs\sistemaventas\vendor\phpoffice\phpspreadsheet\src\PhpSpreadsheet\Reader\BaseReader.php(182): PhpOffice\PhpSpreadsheet\Reader\Xlsx->loadSpreadsheetFromFile('formato-data-ca...')
#2 C:\xampp\htdocs\sistemaventas\app\Controllers\Charge_excel.php(83): PhpOffice\PhpSpreadsheet\Reader\BaseReader->load('formato-data-ca...')
#3 C:\xampp\htdocs\sistemaventas\system\CodeIgniter.php(825): App\Controllers\Charge_excel->categoriaImport()
#4 C:\xampp\htdocs\sistemaventas\system\CodeIgniter.php(412): CodeIgniter\CodeIgniter->runController(Object(App\Controllers\Charge_excel))
#5 C:\xampp\htdocs\sistemaventas\system\CodeIgniter.php(320): CodeIgniter\CodeIgniter->handleRequest(NULL, Object(Config\Cache), false)
#6 C:\xampp\htdocs\sistemaventas\public\index.php(37): CodeIgniter\CodeIgniter->run()
#7 C:\xampp\htdocs\sistemaventas\system\Commands\Server\rewrite.php(43): require_once('C:\\xampp\\htdocs...')
#8 {main}
CRITICAL - 2023-03-23 23:51:17 --> Object of class App\Models\CategoryModel could not be converted to string
#0 C:\xampp\htdocs\sistemaventas\system\CodeIgniter.php(825): App\Controllers\Charge_excel->categoriaImport()
#1 C:\xampp\htdocs\sistemaventas\system\CodeIgniter.php(412): CodeIgniter\CodeIgniter->runController(Object(App\Controllers\Charge_excel))
#2 C:\xampp\htdocs\sistemaventas\system\CodeIgniter.php(320): CodeIgniter\CodeIgniter->handleRequest(NULL, Object(Config\Cache), false)
#3 C:\xampp\htdocs\sistemaventas\public\index.php(37): CodeIgniter\CodeIgniter->run()
#4 C:\xampp\htdocs\sistemaventas\system\Commands\Server\rewrite.php(43): require_once('C:\\xampp\\htdocs...')
#5 {main}
