CRITICAL - 2023-03-24 00:51:42 --> syntax error, unexpected token "}"
#0 C:\xampp\htdocs\sistemaventas\system\Autoloader\Autoloader.php(241): CodeIgniter\Autoloader\Autoloader->includeFile('C:\\xampp\\htdocs...')
#1 C:\xampp\htdocs\sistemaventas\system\Autoloader\Autoloader.php(219): CodeIgniter\Autoloader\Autoloader->loadInNamespace('App\\Controllers...')
#2 [internal function]: CodeIgniter\Autoloader\Autoloader->loadClass('App\\Controllers...')
#3 C:\xampp\htdocs\sistemaventas\system\CodeIgniter.php(790): class_exists('\\App\\Controller...', true)
#4 C:\xampp\htdocs\sistemaventas\system\CodeIgniter.php(399): CodeIgniter\CodeIgniter->startController()
#5 C:\xampp\htdocs\sistemaventas\system\CodeIgniter.php(320): CodeIgniter\CodeIgniter->handleRequest(NULL, Object(Config\Cache), false)
#6 C:\xampp\htdocs\sistemaventas\public\index.php(37): CodeIgniter\CodeIgniter->run()
#7 C:\xampp\htdocs\sistemaventas\system\Commands\Server\rewrite.php(43): require_once('C:\\xampp\\htdocs...')
#8 {main}
CRITICAL - 2023-03-24 00:52:11 --> Call to a member function model() on null
#0 C:\xampp\htdocs\sistemaventas\system\CodeIgniter.php(802): App\Controllers\Charge_excel->__construct()
#1 C:\xampp\htdocs\sistemaventas\system\CodeIgniter.php(403): CodeIgniter\CodeIgniter->createController()
#2 C:\xampp\htdocs\sistemaventas\system\CodeIgniter.php(320): CodeIgniter\CodeIgniter->handleRequest(NULL, Object(Config\Cache), false)
#3 C:\xampp\htdocs\sistemaventas\public\index.php(37): CodeIgniter\CodeIgniter->run()
#4 C:\xampp\htdocs\sistemaventas\system\Commands\Server\rewrite.php(43): require_once('C:\\xampp\\htdocs...')
#5 {main}
CRITICAL - 2023-03-24 00:52:23 --> Call to a member function model() on null
#0 C:\xampp\htdocs\sistemaventas\system\CodeIgniter.php(802): App\Controllers\Charge_excel->__construct()
#1 C:\xampp\htdocs\sistemaventas\system\CodeIgniter.php(403): CodeIgniter\CodeIgniter->createController()
#2 C:\xampp\htdocs\sistemaventas\system\CodeIgniter.php(320): CodeIgniter\CodeIgniter->handleRequest(NULL, Object(Config\Cache), false)
#3 C:\xampp\htdocs\sistemaventas\public\index.php(37): CodeIgniter\CodeIgniter->run()
#4 C:\xampp\htdocs\sistemaventas\system\Commands\Server\rewrite.php(43): require_once('C:\\xampp\\htdocs...')
#5 {main}
ERROR - 2023-03-24 00:53:09 --> You have an error in your SQL syntax; check the manual that corresponds to your MariaDB server version for the right syntax to use near '0, 1) VALUES (:0:, :1:)' at line 1
CRITICAL - 2023-03-24 01:19:45 --> Call to undefined method CodeIgniter\Database\MySQLi\Connection::insertBatch()
#0 C:\xampp\htdocs\sistemaventas\app\Controllers\Charge_excel.php(130): App\Models\CategoryModel->insert_batch(Array)
#1 C:\xampp\htdocs\sistemaventas\system\CodeIgniter.php(825): App\Controllers\Charge_excel->categoriaImport()
#2 C:\xampp\htdocs\sistemaventas\system\CodeIgniter.php(412): CodeIgniter\CodeIgniter->runController(Object(App\Controllers\Charge_excel))
#3 C:\xampp\htdocs\sistemaventas\system\CodeIgniter.php(320): CodeIgniter\CodeIgniter->handleRequest(NULL, Object(Config\Cache), false)
#4 C:\xampp\htdocs\sistemaventas\public\index.php(37): CodeIgniter\CodeIgniter->run()
#5 C:\xampp\htdocs\sistemaventas\system\Commands\Server\rewrite.php(43): require_once('C:\\xampp\\htdocs...')
#6 {main}
ERROR - 2023-03-24 01:20:47 --> You have an error in your SQL syntax; check the manual that corresponds to your MariaDB server version for the right syntax to use near ':0:, :1:' at line 1
ERROR - 2023-03-24 01:21:25 --> You have an error in your SQL syntax; check the manual that corresponds to your MariaDB server version for the right syntax to use near ':0:, :1:' at line 1
CRITICAL - 2023-03-24 01:34:14 --> Undefined property: CodeIgniter\View\View::$session
#0 C:\xampp\htdocs\sistemaventas\app\Views\charge_excel.php(100): CodeIgniter\Debug\Exceptions->errorHandler(2, 'Undefined prope...', 'C:\\xampp\\htdocs...', 100)
#1 C:\xampp\htdocs\sistemaventas\system\View\View.php(210): include('C:\\xampp\\htdocs...')
#2 C:\xampp\htdocs\sistemaventas\system\View\View.php(213): CodeIgniter\View\View->CodeIgniter\View\{closure}()
#3 C:\xampp\htdocs\sistemaventas\system\Common.php(1089): CodeIgniter\View\View->render('charge_excel', Array, true)
#4 C:\xampp\htdocs\sistemaventas\app\Controllers\Charge_excel.php(33): view('charge_excel')
#5 C:\xampp\htdocs\sistemaventas\system\CodeIgniter.php(825): App\Controllers\Charge_excel->index()
#6 C:\xampp\htdocs\sistemaventas\system\CodeIgniter.php(412): CodeIgniter\CodeIgniter->runController(Object(App\Controllers\Charge_excel))
#7 C:\xampp\htdocs\sistemaventas\system\CodeIgniter.php(320): CodeIgniter\CodeIgniter->handleRequest(NULL, Object(Config\Cache), false)
#8 C:\xampp\htdocs\sistemaventas\public\index.php(37): CodeIgniter\CodeIgniter->run()
#9 C:\xampp\htdocs\sistemaventas\system\Commands\Server\rewrite.php(43): require_once('C:\\xampp\\htdocs...')
#10 {main}
CRITICAL - 2023-03-24 01:34:33 --> Undefined property: CodeIgniter\View\View::$session
#0 C:\xampp\htdocs\sistemaventas\app\Views\charge_excel.php(100): CodeIgniter\Debug\Exceptions->errorHandler(2, 'Undefined prope...', 'C:\\xampp\\htdocs...', 100)
#1 C:\xampp\htdocs\sistemaventas\system\View\View.php(210): include('C:\\xampp\\htdocs...')
#2 C:\xampp\htdocs\sistemaventas\system\View\View.php(213): CodeIgniter\View\View->CodeIgniter\View\{closure}()
#3 C:\xampp\htdocs\sistemaventas\system\Common.php(1089): CodeIgniter\View\View->render('charge_excel', Array, true)
#4 C:\xampp\htdocs\sistemaventas\app\Controllers\Charge_excel.php(33): view('charge_excel')
#5 C:\xampp\htdocs\sistemaventas\system\CodeIgniter.php(825): App\Controllers\Charge_excel->index()
#6 C:\xampp\htdocs\sistemaventas\system\CodeIgniter.php(412): CodeIgniter\CodeIgniter->runController(Object(App\Controllers\Charge_excel))
#7 C:\xampp\htdocs\sistemaventas\system\CodeIgniter.php(320): CodeIgniter\CodeIgniter->handleRequest(NULL, Object(Config\Cache), false)
#8 C:\xampp\htdocs\sistemaventas\public\index.php(37): CodeIgniter\CodeIgniter->run()
#9 C:\xampp\htdocs\sistemaventas\system\Commands\Server\rewrite.php(43): require_once('C:\\xampp\\htdocs...')
#10 {main}
ERROR - 2023-03-24 01:35:31 --> You have an error in your SQL syntax; check the manual that corresponds to your MariaDB server version for the right syntax to use near '0, 1) VALUES (:0:, :1:)' at line 1
