CRITICAL - 2023-08-10 18:25:57 --> Undefined variable $variable
#0 C:\xampp\htdocs\sistemaventas\app\Views\Report\rptCategory.php(19): CodeIgniter\Debug\Exceptions->errorHandler(2, 'Undefined varia...', 'C:\\xampp\\htdocs...', 19)
#1 C:\xampp\htdocs\sistemaventas\system\View\View.php(210): include('C:\\xampp\\htdocs...')
#2 C:\xampp\htdocs\sistemaventas\system\View\View.php(213): CodeIgniter\View\View->CodeIgniter\View\{closure}()
#3 C:\xampp\htdocs\sistemaventas\system\Common.php(1089): CodeIgniter\View\View->render('Report/rptCateg...', Array, true)
#4 C:\xampp\htdocs\sistemaventas\app\Controllers\ReportAll.php(33): view('Report/rptCateg...')
#5 C:\xampp\htdocs\sistemaventas\system\CodeIgniter.php(825): App\Controllers\ReportAll->rptCategory()
#6 C:\xampp\htdocs\sistemaventas\system\CodeIgniter.php(412): CodeIgniter\CodeIgniter->runController(Object(App\Controllers\ReportAll))
#7 C:\xampp\htdocs\sistemaventas\system\CodeIgniter.php(320): CodeIgniter\CodeIgniter->handleRequest(NULL, Object(Config\Cache), false)
#8 C:\xampp\htdocs\sistemaventas\public\index.php(37): CodeIgniter\CodeIgniter->run()
#9 C:\xampp\htdocs\sistemaventas\system\Commands\Server\rewrite.php(43): require_once('C:\\xampp\\htdocs...')
#10 {main}
CRITICAL - 2023-08-10 18:47:51 --> Undefined variable $Category
#0 C:\xampp\htdocs\sistemaventas\app\Views\Report\rptCategory.php(19): CodeIgniter\Debug\Exceptions->errorHandler(2, 'Undefined varia...', 'C:\\xampp\\htdocs...', 19)
#1 C:\xampp\htdocs\sistemaventas\system\View\View.php(210): include('C:\\xampp\\htdocs...')
#2 C:\xampp\htdocs\sistemaventas\system\View\View.php(213): CodeIgniter\View\View->CodeIgniter\View\{closure}()
#3 C:\xampp\htdocs\sistemaventas\system\Common.php(1089): CodeIgniter\View\View->render('Report/rptCateg...', Array, true)
#4 C:\xampp\htdocs\sistemaventas\app\Controllers\ReportAll.php(33): view('Report/rptCateg...')
#5 C:\xampp\htdocs\sistemaventas\system\CodeIgniter.php(825): App\Controllers\ReportAll->rptCategory()
#6 C:\xampp\htdocs\sistemaventas\system\CodeIgniter.php(412): CodeIgniter\CodeIgniter->runController(Object(App\Controllers\ReportAll))
#7 C:\xampp\htdocs\sistemaventas\system\CodeIgniter.php(320): CodeIgniter\CodeIgniter->handleRequest(NULL, Object(Config\Cache), false)
#8 C:\xampp\htdocs\sistemaventas\public\index.php(37): CodeIgniter\CodeIgniter->run()
#9 C:\xampp\htdocs\sistemaventas\system\Commands\Server\rewrite.php(43): require_once('C:\\xampp\\htdocs...')
#10 {main}
CRITICAL - 2023-08-10 18:50:16 --> Undefined variable $result
#0 C:\xampp\htdocs\sistemaventas\app\Views\Report\rptCategory.php(19): CodeIgniter\Debug\Exceptions->errorHandler(2, 'Undefined varia...', 'C:\\xampp\\htdocs...', 19)
#1 C:\xampp\htdocs\sistemaventas\system\View\View.php(210): include('C:\\xampp\\htdocs...')
#2 C:\xampp\htdocs\sistemaventas\system\View\View.php(213): CodeIgniter\View\View->CodeIgniter\View\{closure}()
#3 C:\xampp\htdocs\sistemaventas\system\Common.php(1089): CodeIgniter\View\View->render('Report/rptCateg...', Array, true)
#4 C:\xampp\htdocs\sistemaventas\app\Controllers\ReportAll.php(33): view('Report/rptCateg...')
#5 C:\xampp\htdocs\sistemaventas\system\CodeIgniter.php(825): App\Controllers\ReportAll->rptCategory()
#6 C:\xampp\htdocs\sistemaventas\system\CodeIgniter.php(412): CodeIgniter\CodeIgniter->runController(Object(App\Controllers\ReportAll))
#7 C:\xampp\htdocs\sistemaventas\system\CodeIgniter.php(320): CodeIgniter\CodeIgniter->handleRequest(NULL, Object(Config\Cache), false)
#8 C:\xampp\htdocs\sistemaventas\public\index.php(37): CodeIgniter\CodeIgniter->run()
#9 C:\xampp\htdocs\sistemaventas\system\Commands\Server\rewrite.php(43): require_once('C:\\xampp\\htdocs...')
#10 {main}
CRITICAL - 2023-08-10 19:03:39 --> Undefined variable $CategoryModel
#0 C:\xampp\htdocs\sistemaventas\app\Views\Report\rptCategory.php(19): CodeIgniter\Debug\Exceptions->errorHandler(2, 'Undefined varia...', 'C:\\xampp\\htdocs...', 19)
#1 C:\xampp\htdocs\sistemaventas\system\View\View.php(210): include('C:\\xampp\\htdocs...')
#2 C:\xampp\htdocs\sistemaventas\system\View\View.php(213): CodeIgniter\View\View->CodeIgniter\View\{closure}()
#3 C:\xampp\htdocs\sistemaventas\system\Common.php(1089): CodeIgniter\View\View->render('Report/rptCateg...', Array, true)
#4 C:\xampp\htdocs\sistemaventas\app\Controllers\ReportAll.php(33): view('Report/rptCateg...')
#5 C:\xampp\htdocs\sistemaventas\system\CodeIgniter.php(825): App\Controllers\ReportAll->rptCategory()
#6 C:\xampp\htdocs\sistemaventas\system\CodeIgniter.php(412): CodeIgniter\CodeIgniter->runController(Object(App\Controllers\ReportAll))
#7 C:\xampp\htdocs\sistemaventas\system\CodeIgniter.php(320): CodeIgniter\CodeIgniter->handleRequest(NULL, Object(Config\Cache), false)
#8 C:\xampp\htdocs\sistemaventas\public\index.php(37): CodeIgniter\CodeIgniter->run()
#9 C:\xampp\htdocs\sistemaventas\system\Commands\Server\rewrite.php(43): require_once('C:\\xampp\\htdocs...')
#10 {main}
CRITICAL - 2023-08-10 19:15:38 --> Undefined variable $categorys
#0 C:\xampp\htdocs\sistemaventas\app\Views\Report\rptCategory.php(19): CodeIgniter\Debug\Exceptions->errorHandler(2, 'Undefined varia...', 'C:\\xampp\\htdocs...', 19)
#1 C:\xampp\htdocs\sistemaventas\system\View\View.php(210): include('C:\\xampp\\htdocs...')
#2 C:\xampp\htdocs\sistemaventas\system\View\View.php(213): CodeIgniter\View\View->CodeIgniter\View\{closure}()
#3 C:\xampp\htdocs\sistemaventas\system\Common.php(1089): CodeIgniter\View\View->render('Report/rptCateg...', Array, true)
#4 C:\xampp\htdocs\sistemaventas\app\Controllers\ReportAll.php(33): view('Report/rptCateg...')
#5 C:\xampp\htdocs\sistemaventas\system\CodeIgniter.php(825): App\Controllers\ReportAll->rptCategory()
#6 C:\xampp\htdocs\sistemaventas\system\CodeIgniter.php(412): CodeIgniter\CodeIgniter->runController(Object(App\Controllers\ReportAll))
#7 C:\xampp\htdocs\sistemaventas\system\CodeIgniter.php(320): CodeIgniter\CodeIgniter->handleRequest(NULL, Object(Config\Cache), false)
#8 C:\xampp\htdocs\sistemaventas\public\index.php(37): CodeIgniter\CodeIgniter->run()
#9 C:\xampp\htdocs\sistemaventas\system\Commands\Server\rewrite.php(43): require_once('C:\\xampp\\htdocs...')
#10 {main}
CRITICAL - 2023-08-10 19:15:57 --> Undefined variable $data
#0 C:\xampp\htdocs\sistemaventas\app\Views\Report\rptCategory.php(19): CodeIgniter\Debug\Exceptions->errorHandler(2, 'Undefined varia...', 'C:\\xampp\\htdocs...', 19)
#1 C:\xampp\htdocs\sistemaventas\system\View\View.php(210): include('C:\\xampp\\htdocs...')
#2 C:\xampp\htdocs\sistemaventas\system\View\View.php(213): CodeIgniter\View\View->CodeIgniter\View\{closure}()
#3 C:\xampp\htdocs\sistemaventas\system\Common.php(1089): CodeIgniter\View\View->render('Report/rptCateg...', Array, true)
#4 C:\xampp\htdocs\sistemaventas\app\Controllers\ReportAll.php(33): view('Report/rptCateg...')
#5 C:\xampp\htdocs\sistemaventas\system\CodeIgniter.php(825): App\Controllers\ReportAll->rptCategory()
#6 C:\xampp\htdocs\sistemaventas\system\CodeIgniter.php(412): CodeIgniter\CodeIgniter->runController(Object(App\Controllers\ReportAll))
#7 C:\xampp\htdocs\sistemaventas\system\CodeIgniter.php(320): CodeIgniter\CodeIgniter->handleRequest(NULL, Object(Config\Cache), false)
#8 C:\xampp\htdocs\sistemaventas\public\index.php(37): CodeIgniter\CodeIgniter->run()
#9 C:\xampp\htdocs\sistemaventas\system\Commands\Server\rewrite.php(43): require_once('C:\\xampp\\htdocs...')
#10 {main}
CRITICAL - 2023-08-10 19:17:44 --> Undefined variable $data
#0 C:\xampp\htdocs\sistemaventas\app\Views\Report\rptCategory.php(19): CodeIgniter\Debug\Exceptions->errorHandler(2, 'Undefined varia...', 'C:\\xampp\\htdocs...', 19)
#1 C:\xampp\htdocs\sistemaventas\system\View\View.php(210): include('C:\\xampp\\htdocs...')
#2 C:\xampp\htdocs\sistemaventas\system\View\View.php(213): CodeIgniter\View\View->CodeIgniter\View\{closure}()
#3 C:\xampp\htdocs\sistemaventas\system\Common.php(1089): CodeIgniter\View\View->render('Report/rptCateg...', Array, true)
#4 C:\xampp\htdocs\sistemaventas\app\Controllers\ReportAll.php(36): view('Report/rptCateg...')
#5 C:\xampp\htdocs\sistemaventas\system\CodeIgniter.php(825): App\Controllers\ReportAll->rptCategory()
#6 C:\xampp\htdocs\sistemaventas\system\CodeIgniter.php(412): CodeIgniter\CodeIgniter->runController(Object(App\Controllers\ReportAll))
#7 C:\xampp\htdocs\sistemaventas\system\CodeIgniter.php(320): CodeIgniter\CodeIgniter->handleRequest(NULL, Object(Config\Cache), false)
#8 C:\xampp\htdocs\sistemaventas\public\index.php(37): CodeIgniter\CodeIgniter->run()
#9 C:\xampp\htdocs\sistemaventas\system\Commands\Server\rewrite.php(43): require_once('C:\\xampp\\htdocs...')
#10 {main}
CRITICAL - 2023-08-10 19:18:50 --> Undefined variable $categorys
#0 C:\xampp\htdocs\sistemaventas\app\Views\Report\rptCategory.php(19): CodeIgniter\Debug\Exceptions->errorHandler(2, 'Undefined varia...', 'C:\\xampp\\htdocs...', 19)
#1 C:\xampp\htdocs\sistemaventas\system\View\View.php(210): include('C:\\xampp\\htdocs...')
#2 C:\xampp\htdocs\sistemaventas\system\View\View.php(213): CodeIgniter\View\View->CodeIgniter\View\{closure}()
#3 C:\xampp\htdocs\sistemaventas\system\Common.php(1089): CodeIgniter\View\View->render('Report/rptCateg...', Array, true)
#4 C:\xampp\htdocs\sistemaventas\app\Controllers\ReportAll.php(34): view('Report/rptCateg...')
#5 C:\xampp\htdocs\sistemaventas\system\CodeIgniter.php(825): App\Controllers\ReportAll->rptCategory()
#6 C:\xampp\htdocs\sistemaventas\system\CodeIgniter.php(412): CodeIgniter\CodeIgniter->runController(Object(App\Controllers\ReportAll))
#7 C:\xampp\htdocs\sistemaventas\system\CodeIgniter.php(320): CodeIgniter\CodeIgniter->handleRequest(NULL, Object(Config\Cache), false)
#8 C:\xampp\htdocs\sistemaventas\public\index.php(37): CodeIgniter\CodeIgniter->run()
#9 C:\xampp\htdocs\sistemaventas\system\Commands\Server\rewrite.php(43): require_once('C:\\xampp\\htdocs...')
#10 {main}
CRITICAL - 2023-08-10 19:52:24 --> Undefined variable $categorys
#0 C:\xampp\htdocs\sistemaventas\app\Views\Report\rptCategory.php(19): CodeIgniter\Debug\Exceptions->errorHandler(2, 'Undefined varia...', 'C:\\xampp\\htdocs...', 19)
#1 C:\xampp\htdocs\sistemaventas\system\View\View.php(210): include('C:\\xampp\\htdocs...')
#2 C:\xampp\htdocs\sistemaventas\system\View\View.php(213): CodeIgniter\View\View->CodeIgniter\View\{closure}()
#3 C:\xampp\htdocs\sistemaventas\system\Common.php(1089): CodeIgniter\View\View->render('Report/rptCateg...', Array, true)
#4 C:\xampp\htdocs\sistemaventas\app\Controllers\ReportAll.php(39): view('Report/rptCateg...')
#5 C:\xampp\htdocs\sistemaventas\system\CodeIgniter.php(825): App\Controllers\ReportAll->rptCategory()
#6 C:\xampp\htdocs\sistemaventas\system\CodeIgniter.php(412): CodeIgniter\CodeIgniter->runController(Object(App\Controllers\ReportAll))
#7 C:\xampp\htdocs\sistemaventas\system\CodeIgniter.php(320): CodeIgniter\CodeIgniter->handleRequest(NULL, Object(Config\Cache), false)
#8 C:\xampp\htdocs\sistemaventas\public\index.php(37): CodeIgniter\CodeIgniter->run()
#9 C:\xampp\htdocs\sistemaventas\system\Commands\Server\rewrite.php(43): require_once('C:\\xampp\\htdocs...')
#10 {main}
CRITICAL - 2023-08-10 19:55:15 --> Undefined variable $categorys
#0 C:\xampp\htdocs\sistemaventas\app\Views\Report\rptCategory.php(19): CodeIgniter\Debug\Exceptions->errorHandler(2, 'Undefined varia...', 'C:\\xampp\\htdocs...', 19)
#1 C:\xampp\htdocs\sistemaventas\system\View\View.php(210): include('C:\\xampp\\htdocs...')
#2 C:\xampp\htdocs\sistemaventas\system\View\View.php(213): CodeIgniter\View\View->CodeIgniter\View\{closure}()
#3 C:\xampp\htdocs\sistemaventas\system\Common.php(1089): CodeIgniter\View\View->render('Report/rptCateg...', Array, true)
#4 C:\xampp\htdocs\sistemaventas\app\Controllers\ReportAll.php(39): view('Report/rptCateg...')
#5 C:\xampp\htdocs\sistemaventas\system\CodeIgniter.php(825): App\Controllers\ReportAll->rptCategory()
#6 C:\xampp\htdocs\sistemaventas\system\CodeIgniter.php(412): CodeIgniter\CodeIgniter->runController(Object(App\Controllers\ReportAll))
#7 C:\xampp\htdocs\sistemaventas\system\CodeIgniter.php(320): CodeIgniter\CodeIgniter->handleRequest(NULL, Object(Config\Cache), false)
#8 C:\xampp\htdocs\sistemaventas\public\index.php(37): CodeIgniter\CodeIgniter->run()
#9 C:\xampp\htdocs\sistemaventas\system\Commands\Server\rewrite.php(43): require_once('C:\\xampp\\htdocs...')
#10 {main}
CRITICAL - 2023-08-10 20:00:11 --> Call to a member function result() on string
#0 C:\xampp\htdocs\sistemaventas\system\View\View.php(210): include()
#1 C:\xampp\htdocs\sistemaventas\system\View\View.php(213): CodeIgniter\View\View->CodeIgniter\View\{closure}()
#2 C:\xampp\htdocs\sistemaventas\system\Common.php(1089): CodeIgniter\View\View->render('Report/rptCateg...', Array, true)
#3 C:\xampp\htdocs\sistemaventas\app\Controllers\ReportAll.php(33): view('Report/rptCateg...', Array)
#4 C:\xampp\htdocs\sistemaventas\system\CodeIgniter.php(825): App\Controllers\ReportAll->rptCategory()
#5 C:\xampp\htdocs\sistemaventas\system\CodeIgniter.php(412): CodeIgniter\CodeIgniter->runController(Object(App\Controllers\ReportAll))
#6 C:\xampp\htdocs\sistemaventas\system\CodeIgniter.php(320): CodeIgniter\CodeIgniter->handleRequest(NULL, Object(Config\Cache), false)
#7 C:\xampp\htdocs\sistemaventas\public\index.php(37): CodeIgniter\CodeIgniter->run()
#8 C:\xampp\htdocs\sistemaventas\system\Commands\Server\rewrite.php(43): require_once('C:\\xampp\\htdocs...')
#9 {main}
CRITICAL - 2023-08-10 20:07:31 --> Call to a member function result() on string
#0 C:\xampp\htdocs\sistemaventas\system\View\View.php(210): include()
#1 C:\xampp\htdocs\sistemaventas\system\View\View.php(213): CodeIgniter\View\View->CodeIgniter\View\{closure}()
#2 C:\xampp\htdocs\sistemaventas\system\Common.php(1089): CodeIgniter\View\View->render('Report/rptCateg...', Array, true)
#3 C:\xampp\htdocs\sistemaventas\app\Controllers\ReportAll.php(40): view('Report/rptCateg...', Array)
#4 C:\xampp\htdocs\sistemaventas\system\CodeIgniter.php(825): App\Controllers\ReportAll->rptCategory()
#5 C:\xampp\htdocs\sistemaventas\system\CodeIgniter.php(412): CodeIgniter\CodeIgniter->runController(Object(App\Controllers\ReportAll))
#6 C:\xampp\htdocs\sistemaventas\system\CodeIgniter.php(320): CodeIgniter\CodeIgniter->handleRequest(NULL, Object(Config\Cache), false)
#7 C:\xampp\htdocs\sistemaventas\public\index.php(37): CodeIgniter\CodeIgniter->run()
#8 C:\xampp\htdocs\sistemaventas\system\Commands\Server\rewrite.php(43): require_once('C:\\xampp\\htdocs...')
#9 {main}
CRITICAL - 2023-08-10 20:07:34 --> Call to a member function result() on string
#0 C:\xampp\htdocs\sistemaventas\system\View\View.php(210): include()
#1 C:\xampp\htdocs\sistemaventas\system\View\View.php(213): CodeIgniter\View\View->CodeIgniter\View\{closure}()
#2 C:\xampp\htdocs\sistemaventas\system\Common.php(1089): CodeIgniter\View\View->render('Report/rptCateg...', Array, true)
#3 C:\xampp\htdocs\sistemaventas\app\Controllers\ReportAll.php(40): view('Report/rptCateg...', Array)
#4 C:\xampp\htdocs\sistemaventas\system\CodeIgniter.php(825): App\Controllers\ReportAll->rptCategory()
#5 C:\xampp\htdocs\sistemaventas\system\CodeIgniter.php(412): CodeIgniter\CodeIgniter->runController(Object(App\Controllers\ReportAll))
#6 C:\xampp\htdocs\sistemaventas\system\CodeIgniter.php(320): CodeIgniter\CodeIgniter->handleRequest(NULL, Object(Config\Cache), false)
#7 C:\xampp\htdocs\sistemaventas\public\index.php(37): CodeIgniter\CodeIgniter->run()
#8 C:\xampp\htdocs\sistemaventas\system\Commands\Server\rewrite.php(43): require_once('C:\\xampp\\htdocs...')
#9 {main}
CRITICAL - 2023-08-10 20:25:18 --> Undefined variable $categorys
#0 C:\xampp\htdocs\sistemaventas\app\Views\Report\rptCategory.php(19): CodeIgniter\Debug\Exceptions->errorHandler(2, 'Undefined varia...', 'C:\\xampp\\htdocs...', 19)
#1 C:\xampp\htdocs\sistemaventas\system\View\View.php(210): include('C:\\xampp\\htdocs...')
#2 C:\xampp\htdocs\sistemaventas\system\View\View.php(213): CodeIgniter\View\View->CodeIgniter\View\{closure}()
#3 C:\xampp\htdocs\sistemaventas\system\Common.php(1089): CodeIgniter\View\View->render('Report/rptCateg...', Array, true)
#4 C:\xampp\htdocs\sistemaventas\app\Controllers\ReportAll.php(38): view('Report/rptCateg...')
#5 C:\xampp\htdocs\sistemaventas\system\CodeIgniter.php(825): App\Controllers\ReportAll->rptCategory()
#6 C:\xampp\htdocs\sistemaventas\system\CodeIgniter.php(412): CodeIgniter\CodeIgniter->runController(Object(App\Controllers\ReportAll))
#7 C:\xampp\htdocs\sistemaventas\system\CodeIgniter.php(320): CodeIgniter\CodeIgniter->handleRequest(NULL, Object(Config\Cache), false)
#8 C:\xampp\htdocs\sistemaventas\public\index.php(37): CodeIgniter\CodeIgniter->run()
#9 C:\xampp\htdocs\sistemaventas\system\Commands\Server\rewrite.php(43): require_once('C:\\xampp\\htdocs...')
#10 {main}
CRITICAL - 2023-08-10 20:26:05 --> Undefined variable $tests
#0 C:\xampp\htdocs\sistemaventas\app\Views\Report\rptCategory.php(19): CodeIgniter\Debug\Exceptions->errorHandler(2, 'Undefined varia...', 'C:\\xampp\\htdocs...', 19)
#1 C:\xampp\htdocs\sistemaventas\system\View\View.php(210): include('C:\\xampp\\htdocs...')
#2 C:\xampp\htdocs\sistemaventas\system\View\View.php(213): CodeIgniter\View\View->CodeIgniter\View\{closure}()
#3 C:\xampp\htdocs\sistemaventas\system\Common.php(1089): CodeIgniter\View\View->render('Report/rptCateg...', Array, true)
#4 C:\xampp\htdocs\sistemaventas\app\Controllers\ReportAll.php(38): view('Report/rptCateg...')
#5 C:\xampp\htdocs\sistemaventas\system\CodeIgniter.php(825): App\Controllers\ReportAll->rptCategory()
#6 C:\xampp\htdocs\sistemaventas\system\CodeIgniter.php(412): CodeIgniter\CodeIgniter->runController(Object(App\Controllers\ReportAll))
#7 C:\xampp\htdocs\sistemaventas\system\CodeIgniter.php(320): CodeIgniter\CodeIgniter->handleRequest(NULL, Object(Config\Cache), false)
#8 C:\xampp\htdocs\sistemaventas\public\index.php(37): CodeIgniter\CodeIgniter->run()
#9 C:\xampp\htdocs\sistemaventas\system\Commands\Server\rewrite.php(43): require_once('C:\\xampp\\htdocs...')
#10 {main}
CRITICAL - 2023-08-10 20:32:03 --> Object of class App\Models\CategoryModel could not be converted to string
#0 C:\xampp\htdocs\sistemaventas\system\CodeIgniter.php(825): App\Controllers\ReportAll->rptCategory()
#1 C:\xampp\htdocs\sistemaventas\system\CodeIgniter.php(412): CodeIgniter\CodeIgniter->runController(Object(App\Controllers\ReportAll))
#2 C:\xampp\htdocs\sistemaventas\system\CodeIgniter.php(320): CodeIgniter\CodeIgniter->handleRequest(NULL, Object(Config\Cache), false)
#3 C:\xampp\htdocs\sistemaventas\public\index.php(37): CodeIgniter\CodeIgniter->run()
#4 C:\xampp\htdocs\sistemaventas\system\Commands\Server\rewrite.php(43): require_once('C:\\xampp\\htdocs...')
#5 {main}
CRITICAL - 2023-08-10 20:33:03 --> Object of class App\Models\CategoryModel could not be converted to string
#0 C:\xampp\htdocs\sistemaventas\system\CodeIgniter.php(825): App\Controllers\ReportAll->rptCategory()
#1 C:\xampp\htdocs\sistemaventas\system\CodeIgniter.php(412): CodeIgniter\CodeIgniter->runController(Object(App\Controllers\ReportAll))
#2 C:\xampp\htdocs\sistemaventas\system\CodeIgniter.php(320): CodeIgniter\CodeIgniter->handleRequest(NULL, Object(Config\Cache), false)
#3 C:\xampp\htdocs\sistemaventas\public\index.php(37): CodeIgniter\CodeIgniter->run()
#4 C:\xampp\htdocs\sistemaventas\system\Commands\Server\rewrite.php(43): require_once('C:\\xampp\\htdocs...')
#5 {main}
CRITICAL - 2023-08-10 20:37:24 --> Object of class App\Models\CategoryModel could not be converted to string
#0 C:\xampp\htdocs\sistemaventas\system\CodeIgniter.php(825): App\Controllers\ReportAll->rptCategory()
#1 C:\xampp\htdocs\sistemaventas\system\CodeIgniter.php(412): CodeIgniter\CodeIgniter->runController(Object(App\Controllers\ReportAll))
#2 C:\xampp\htdocs\sistemaventas\system\CodeIgniter.php(320): CodeIgniter\CodeIgniter->handleRequest(NULL, Object(Config\Cache), false)
#3 C:\xampp\htdocs\sistemaventas\public\index.php(37): CodeIgniter\CodeIgniter->run()
#4 C:\xampp\htdocs\sistemaventas\system\Commands\Server\rewrite.php(43): require_once('C:\\xampp\\htdocs...')
#5 {main}
CRITICAL - 2023-08-10 20:41:11 --> Object of class App\Models\CategoryModel could not be converted to string
#0 C:\xampp\htdocs\sistemaventas\system\CodeIgniter.php(825): App\Controllers\ReportAll->rptCategory()
#1 C:\xampp\htdocs\sistemaventas\system\CodeIgniter.php(412): CodeIgniter\CodeIgniter->runController(Object(App\Controllers\ReportAll))
#2 C:\xampp\htdocs\sistemaventas\system\CodeIgniter.php(320): CodeIgniter\CodeIgniter->handleRequest(NULL, Object(Config\Cache), false)
#3 C:\xampp\htdocs\sistemaventas\public\index.php(37): CodeIgniter\CodeIgniter->run()
#4 C:\xampp\htdocs\sistemaventas\system\Commands\Server\rewrite.php(43): require_once('C:\\xampp\\htdocs...')
#5 {main}
CRITICAL - 2023-08-10 20:45:15 --> Attempt to read property "name" on null
#0 C:\xampp\htdocs\sistemaventas\app\Views\Report\rptCategory.php(22): CodeIgniter\Debug\Exceptions->errorHandler(2, 'Attempt to read...', 'C:\\xampp\\htdocs...', 22)
#1 C:\xampp\htdocs\sistemaventas\system\View\View.php(210): include('C:\\xampp\\htdocs...')
#2 C:\xampp\htdocs\sistemaventas\system\View\View.php(213): CodeIgniter\View\View->CodeIgniter\View\{closure}()
#3 C:\xampp\htdocs\sistemaventas\system\Common.php(1089): CodeIgniter\View\View->render('Report/rptCateg...', Array, true)
#4 C:\xampp\htdocs\sistemaventas\app\Controllers\ReportAll.php(48): view('Report/rptCateg...', Array)
#5 C:\xampp\htdocs\sistemaventas\system\CodeIgniter.php(825): App\Controllers\ReportAll->rptCategory()
#6 C:\xampp\htdocs\sistemaventas\system\CodeIgniter.php(412): CodeIgniter\CodeIgniter->runController(Object(App\Controllers\ReportAll))
#7 C:\xampp\htdocs\sistemaventas\system\CodeIgniter.php(320): CodeIgniter\CodeIgniter->handleRequest(NULL, Object(Config\Cache), false)
#8 C:\xampp\htdocs\sistemaventas\public\index.php(37): CodeIgniter\CodeIgniter->run()
#9 C:\xampp\htdocs\sistemaventas\system\Commands\Server\rewrite.php(43): require_once('C:\\xampp\\htdocs...')
#10 {main}
CRITICAL - 2023-08-10 20:46:19 --> Attempt to read property "id" on null
#0 C:\xampp\htdocs\sistemaventas\app\Views\Report\rptCategory.php(22): CodeIgniter\Debug\Exceptions->errorHandler(2, 'Attempt to read...', 'C:\\xampp\\htdocs...', 22)
#1 C:\xampp\htdocs\sistemaventas\system\View\View.php(210): include('C:\\xampp\\htdocs...')
#2 C:\xampp\htdocs\sistemaventas\system\View\View.php(213): CodeIgniter\View\View->CodeIgniter\View\{closure}()
#3 C:\xampp\htdocs\sistemaventas\system\Common.php(1089): CodeIgniter\View\View->render('Report/rptCateg...', Array, true)
#4 C:\xampp\htdocs\sistemaventas\app\Controllers\ReportAll.php(48): view('Report/rptCateg...', Array)
#5 C:\xampp\htdocs\sistemaventas\system\CodeIgniter.php(825): App\Controllers\ReportAll->rptCategory()
#6 C:\xampp\htdocs\sistemaventas\system\CodeIgniter.php(412): CodeIgniter\CodeIgniter->runController(Object(App\Controllers\ReportAll))
#7 C:\xampp\htdocs\sistemaventas\system\CodeIgniter.php(320): CodeIgniter\CodeIgniter->handleRequest(NULL, Object(Config\Cache), false)
#8 C:\xampp\htdocs\sistemaventas\public\index.php(37): CodeIgniter\CodeIgniter->run()
#9 C:\xampp\htdocs\sistemaventas\system\Commands\Server\rewrite.php(43): require_once('C:\\xampp\\htdocs...')
#10 {main}
CRITICAL - 2023-08-10 20:57:24 --> Undefined variable $data
#0 C:\xampp\htdocs\sistemaventas\app\Views\Report\rptCategory.php(19): CodeIgniter\Debug\Exceptions->errorHandler(2, 'Undefined varia...', 'C:\\xampp\\htdocs...', 19)
#1 C:\xampp\htdocs\sistemaventas\system\View\View.php(210): include('C:\\xampp\\htdocs...')
#2 C:\xampp\htdocs\sistemaventas\system\View\View.php(213): CodeIgniter\View\View->CodeIgniter\View\{closure}()
#3 C:\xampp\htdocs\sistemaventas\system\Common.php(1089): CodeIgniter\View\View->render('Report/rptCateg...', Array, true)
#4 C:\xampp\htdocs\sistemaventas\app\Controllers\ReportAll.php(38): view('Report/rptCateg...')
#5 C:\xampp\htdocs\sistemaventas\system\CodeIgniter.php(825): App\Controllers\ReportAll->rptCategory()
#6 C:\xampp\htdocs\sistemaventas\system\CodeIgniter.php(412): CodeIgniter\CodeIgniter->runController(Object(App\Controllers\ReportAll))
#7 C:\xampp\htdocs\sistemaventas\system\CodeIgniter.php(320): CodeIgniter\CodeIgniter->handleRequest(NULL, Object(Config\Cache), false)
#8 C:\xampp\htdocs\sistemaventas\public\index.php(37): CodeIgniter\CodeIgniter->run()
#9 C:\xampp\htdocs\sistemaventas\system\Commands\Server\rewrite.php(43): require_once('C:\\xampp\\htdocs...')
#10 {main}
CRITICAL - 2023-08-10 20:58:13 --> Attempt to read property "name" on null
#0 C:\xampp\htdocs\sistemaventas\app\Views\Report\rptCategory.php(22): CodeIgniter\Debug\Exceptions->errorHandler(2, 'Attempt to read...', 'C:\\xampp\\htdocs...', 22)
#1 C:\xampp\htdocs\sistemaventas\system\View\View.php(210): include('C:\\xampp\\htdocs...')
#2 C:\xampp\htdocs\sistemaventas\system\View\View.php(213): CodeIgniter\View\View->CodeIgniter\View\{closure}()
#3 C:\xampp\htdocs\sistemaventas\system\Common.php(1089): CodeIgniter\View\View->render('Report/rptCateg...', Array, true)
#4 C:\xampp\htdocs\sistemaventas\app\Controllers\ReportAll.php(48): view('Report/rptCateg...', Array)
#5 C:\xampp\htdocs\sistemaventas\system\CodeIgniter.php(825): App\Controllers\ReportAll->rptCategory()
#6 C:\xampp\htdocs\sistemaventas\system\CodeIgniter.php(412): CodeIgniter\CodeIgniter->runController(Object(App\Controllers\ReportAll))
#7 C:\xampp\htdocs\sistemaventas\system\CodeIgniter.php(320): CodeIgniter\CodeIgniter->handleRequest(NULL, Object(Config\Cache), false)
#8 C:\xampp\htdocs\sistemaventas\public\index.php(37): CodeIgniter\CodeIgniter->run()
#9 C:\xampp\htdocs\sistemaventas\system\Commands\Server\rewrite.php(43): require_once('C:\\xampp\\htdocs...')
#10 {main}
CRITICAL - 2023-08-10 21:02:51 --> Trying to access array offset on value of type null
#0 C:\xampp\htdocs\sistemaventas\app\Views\Report\rptCategory.php(22): CodeIgniter\Debug\Exceptions->errorHandler(2, 'Trying to acces...', 'C:\\xampp\\htdocs...', 22)
#1 C:\xampp\htdocs\sistemaventas\system\View\View.php(210): include('C:\\xampp\\htdocs...')
#2 C:\xampp\htdocs\sistemaventas\system\View\View.php(213): CodeIgniter\View\View->CodeIgniter\View\{closure}()
#3 C:\xampp\htdocs\sistemaventas\system\Common.php(1089): CodeIgniter\View\View->render('Report/rptCateg...', Array, true)
#4 C:\xampp\htdocs\sistemaventas\app\Controllers\ReportAll.php(48): view('Report/rptCateg...', Array)
#5 C:\xampp\htdocs\sistemaventas\system\CodeIgniter.php(825): App\Controllers\ReportAll->rptCategory()
#6 C:\xampp\htdocs\sistemaventas\system\CodeIgniter.php(412): CodeIgniter\CodeIgniter->runController(Object(App\Controllers\ReportAll))
#7 C:\xampp\htdocs\sistemaventas\system\CodeIgniter.php(320): CodeIgniter\CodeIgniter->handleRequest(NULL, Object(Config\Cache), false)
#8 C:\xampp\htdocs\sistemaventas\public\index.php(37): CodeIgniter\CodeIgniter->run()
#9 C:\xampp\htdocs\sistemaventas\system\Commands\Server\rewrite.php(43): require_once('C:\\xampp\\htdocs...')
#10 {main}
CRITICAL - 2023-08-10 21:04:24 --> Object of class App\Models\CategoryModel could not be converted to string
#0 C:\xampp\htdocs\sistemaventas\system\CodeIgniter.php(825): App\Controllers\ReportAll->rptCategory()
#1 C:\xampp\htdocs\sistemaventas\system\CodeIgniter.php(412): CodeIgniter\CodeIgniter->runController(Object(App\Controllers\ReportAll))
#2 C:\xampp\htdocs\sistemaventas\system\CodeIgniter.php(320): CodeIgniter\CodeIgniter->handleRequest(NULL, Object(Config\Cache), false)
#3 C:\xampp\htdocs\sistemaventas\public\index.php(37): CodeIgniter\CodeIgniter->run()
#4 C:\xampp\htdocs\sistemaventas\system\Commands\Server\rewrite.php(43): require_once('C:\\xampp\\htdocs...')
#5 {main}
CRITICAL - 2023-08-10 21:05:14 --> foreach() argument must be of type array|object, string given
#0 C:\xampp\htdocs\sistemaventas\app\Views\Report\rptCategory.php(19): CodeIgniter\Debug\Exceptions->errorHandler(2, 'foreach() argum...', 'C:\\xampp\\htdocs...', 19)
#1 C:\xampp\htdocs\sistemaventas\system\View\View.php(210): include('C:\\xampp\\htdocs...')
#2 C:\xampp\htdocs\sistemaventas\system\View\View.php(213): CodeIgniter\View\View->CodeIgniter\View\{closure}()
#3 C:\xampp\htdocs\sistemaventas\system\Common.php(1089): CodeIgniter\View\View->render('Report/rptCateg...', Array, true)
#4 C:\xampp\htdocs\sistemaventas\app\Controllers\ReportAll.php(39): view('Report/rptCateg...', Array)
#5 C:\xampp\htdocs\sistemaventas\system\CodeIgniter.php(825): App\Controllers\ReportAll->rptCategory()
#6 C:\xampp\htdocs\sistemaventas\system\CodeIgniter.php(412): CodeIgniter\CodeIgniter->runController(Object(App\Controllers\ReportAll))
#7 C:\xampp\htdocs\sistemaventas\system\CodeIgniter.php(320): CodeIgniter\CodeIgniter->handleRequest(NULL, Object(Config\Cache), false)
#8 C:\xampp\htdocs\sistemaventas\public\index.php(37): CodeIgniter\CodeIgniter->run()
#9 C:\xampp\htdocs\sistemaventas\system\Commands\Server\rewrite.php(43): require_once('C:\\xampp\\htdocs...')
#10 {main}
CRITICAL - 2023-08-10 21:52:07 --> Attempt to read property "id" on array
#0 C:\xampp\htdocs\sistemaventas\app\Views\Report\rptCategory.php(23): CodeIgniter\Debug\Exceptions->errorHandler(2, 'Attempt to read...', 'C:\\xampp\\htdocs...', 23)
#1 C:\xampp\htdocs\sistemaventas\system\View\View.php(210): include('C:\\xampp\\htdocs...')
#2 C:\xampp\htdocs\sistemaventas\system\View\View.php(213): CodeIgniter\View\View->CodeIgniter\View\{closure}()
#3 C:\xampp\htdocs\sistemaventas\system\Common.php(1089): CodeIgniter\View\View->render('Report/rptCateg...', Array, true)
#4 C:\xampp\htdocs\sistemaventas\app\Controllers\ReportAll.php(43): view('Report/rptCateg...', Array)
#5 C:\xampp\htdocs\sistemaventas\system\CodeIgniter.php(825): App\Controllers\ReportAll->rptCategory()
#6 C:\xampp\htdocs\sistemaventas\system\CodeIgniter.php(412): CodeIgniter\CodeIgniter->runController(Object(App\Controllers\ReportAll))
#7 C:\xampp\htdocs\sistemaventas\system\CodeIgniter.php(320): CodeIgniter\CodeIgniter->handleRequest(NULL, Object(Config\Cache), false)
#8 C:\xampp\htdocs\sistemaventas\public\index.php(37): CodeIgniter\CodeIgniter->run()
#9 C:\xampp\htdocs\sistemaventas\system\Commands\Server\rewrite.php(43): require_once('C:\\xampp\\htdocs...')
#10 {main}
CRITICAL - 2023-08-10 22:10:49 --> Undefined variable $n
#0 C:\xampp\htdocs\sistemaventas\app\Views\Report\rptCategory.php(33): CodeIgniter\Debug\Exceptions->errorHandler(2, 'Undefined varia...', 'C:\\xampp\\htdocs...', 33)
#1 C:\xampp\htdocs\sistemaventas\system\View\View.php(210): include('C:\\xampp\\htdocs...')
#2 C:\xampp\htdocs\sistemaventas\system\View\View.php(213): CodeIgniter\View\View->CodeIgniter\View\{closure}()
#3 C:\xampp\htdocs\sistemaventas\system\Common.php(1089): CodeIgniter\View\View->render('Report/rptCateg...', Array, true)
#4 C:\xampp\htdocs\sistemaventas\app\Controllers\ReportAll.php(43): view('Report/rptCateg...', Array)
#5 C:\xampp\htdocs\sistemaventas\system\CodeIgniter.php(825): App\Controllers\ReportAll->rptCategory()
#6 C:\xampp\htdocs\sistemaventas\system\CodeIgniter.php(412): CodeIgniter\CodeIgniter->runController(Object(App\Controllers\ReportAll))
#7 C:\xampp\htdocs\sistemaventas\system\CodeIgniter.php(320): CodeIgniter\CodeIgniter->handleRequest(NULL, Object(Config\Cache), false)
#8 C:\xampp\htdocs\sistemaventas\public\index.php(37): CodeIgniter\CodeIgniter->run()
#9 C:\xampp\htdocs\sistemaventas\system\Commands\Server\rewrite.php(43): require_once('C:\\xampp\\htdocs...')
#10 {main}
CRITICAL - 2023-08-10 22:30:55 --> file_get_contents(&lt;?= base_url('assets/img/charge-excel.png'); ?&gt;): Failed to open stream: No such file or directory
#0 [internal function]: CodeIgniter\Debug\Exceptions->errorHandler(2, 'file_get_conten...', 'C:\\xampp\\htdocs...', 31)
#1 C:\xampp\htdocs\sistemaventas\app\Views\Report\rptCategory.php(31): file_get_contents('<?= base_url('a...')
#2 C:\xampp\htdocs\sistemaventas\system\View\View.php(210): include('C:\\xampp\\htdocs...')
#3 C:\xampp\htdocs\sistemaventas\system\View\View.php(213): CodeIgniter\View\View->CodeIgniter\View\{closure}()
#4 C:\xampp\htdocs\sistemaventas\system\Common.php(1089): CodeIgniter\View\View->render('Report/rptCateg...', Array, true)
#5 C:\xampp\htdocs\sistemaventas\app\Controllers\ReportAll.php(43): view('Report/rptCateg...', Array)
#6 C:\xampp\htdocs\sistemaventas\system\CodeIgniter.php(825): App\Controllers\ReportAll->rptCategory()
#7 C:\xampp\htdocs\sistemaventas\system\CodeIgniter.php(412): CodeIgniter\CodeIgniter->runController(Object(App\Controllers\ReportAll))
#8 C:\xampp\htdocs\sistemaventas\system\CodeIgniter.php(320): CodeIgniter\CodeIgniter->handleRequest(NULL, Object(Config\Cache), false)
#9 C:\xampp\htdocs\sistemaventas\public\index.php(37): CodeIgniter\CodeIgniter->run()
#10 C:\xampp\htdocs\sistemaventas\system\Commands\Server\rewrite.php(43): require_once('C:\\xampp\\htdocs...')
#11 {main}
CRITICAL - 2023-08-10 22:31:38 --> file_get_contents(charge-excel.png): Failed to open stream: No such file or directory
#0 [internal function]: CodeIgniter\Debug\Exceptions->errorHandler(2, 'file_get_conten...', 'C:\\xampp\\htdocs...', 31)
#1 C:\xampp\htdocs\sistemaventas\app\Views\Report\rptCategory.php(31): file_get_contents('charge-excel.pn...')
#2 C:\xampp\htdocs\sistemaventas\system\View\View.php(210): include('C:\\xampp\\htdocs...')
#3 C:\xampp\htdocs\sistemaventas\system\View\View.php(213): CodeIgniter\View\View->CodeIgniter\View\{closure}()
#4 C:\xampp\htdocs\sistemaventas\system\Common.php(1089): CodeIgniter\View\View->render('Report/rptCateg...', Array, true)
#5 C:\xampp\htdocs\sistemaventas\app\Controllers\ReportAll.php(43): view('Report/rptCateg...', Array)
#6 C:\xampp\htdocs\sistemaventas\system\CodeIgniter.php(825): App\Controllers\ReportAll->rptCategory()
#7 C:\xampp\htdocs\sistemaventas\system\CodeIgniter.php(412): CodeIgniter\CodeIgniter->runController(Object(App\Controllers\ReportAll))
#8 C:\xampp\htdocs\sistemaventas\system\CodeIgniter.php(320): CodeIgniter\CodeIgniter->handleRequest(NULL, Object(Config\Cache), false)
#9 C:\xampp\htdocs\sistemaventas\public\index.php(37): CodeIgniter\CodeIgniter->run()
#10 C:\xampp\htdocs\sistemaventas\system\Commands\Server\rewrite.php(43): require_once('C:\\xampp\\htdocs...')
#11 {main}
CRITICAL - 2023-08-10 22:45:17 --> Maximum execution time of 60 seconds exceeded
#0 [internal function]: CodeIgniter\Debug\Exceptions->shutdownHandler()
#1 {main}
CRITICAL - 2023-08-10 22:46:23 --> Maximum execution time of 60 seconds exceeded
#0 [internal function]: CodeIgniter\Debug\Exceptions->shutdownHandler()
#1 {main}
